mode: set
be7/layered/usecase/user/user.go:12.92,16.2 1 1
be7/layered/usecase/user/user.go:18.60,21.2 2 1
be7/layered/usecase/user/user.go:23.70,26.2 2 1
be7/layered/usecase/user/user.go:28.68,31.2 2 1
be7/layered/usecase/user/user.go:32.81,35.2 2 1
be7/layered/usecase/user/user.go:36.91,40.2 3 1
be7/layered/usecase/book/book.go:12.92,16.2 1 1
be7/layered/usecase/book/book.go:18.60,21.2 2 1
be7/layered/usecase/book/book.go:22.70,25.2 2 1
be7/layered/usecase/book/book.go:26.68,29.2 2 1
be7/layered/usecase/book/book.go:30.81,33.2 2 1
be7/layered/usecase/book/book.go:34.91,38.2 3 1
be7/layered/usecase/auth/auth.go:11.92,15.2 1 1
be7/layered/usecase/auth/auth.go:16.78,19.2 2 1
